2024-02-13T14:50:18.144+01:00  INFO 9312 --- [main] i.c.m.c.CwsUserServicesApplication       : Starting CwsUserServicesApplication using Java 17.0.7 with PID 9312 (C:\CWSAPPS\webservices\meta-webservices\cws-user-service\target\classes started by alpha.barry in C:\CWSAPPS\webservices\meta-webservices)
2024-02-13T14:50:18.146+01:00  INFO 9312 --- [main] i.c.m.c.CwsUserServicesApplication       : No active profile set, falling back to 1 default profile: "default"
2024-02-13T14:50:19.243+01:00  INFO 9312 --- [main] .s.d.r.c.RepositoryConfigurationDelegate : Bootstrapping Spring Data JPA repositories in DEFAULT mode.
2024-02-13T14:50:19.405+01:00  INFO 9312 --- [main] .s.d.r.c.RepositoryConfigurationDelegate : Finished Spring Data repository scanning in 154 ms. Found 1 JPA repository interfaces.
2024-02-13T14:50:19.602+01:00  INFO 9312 --- [main] o.s.cloud.context.scope.GenericScope     : BeanFactory id=def78912-ef0e-3d29-911c-73483e482781
2024-02-13T14:50:19.726+01:00  INFO 9312 --- [main] trationDelegate$BeanPostProcessorChecker : Bean 'org.springframework.cloud.client.loadbalancer.reactive.LoadBalancerBeanPostProcessorAutoConfiguration' of type [org.springframework.cloud.client.loadbalancer.reactive.LoadBalancerBeanPostProcessorAutoConfiguration] is not eligible for getting processed by all BeanPostProcessors (for example: not eligible for auto-proxying)
2024-02-13T14:50:19.728+01:00  INFO 9312 --- [main] trationDelegate$BeanPostProcessorChecker : Bean 'org.springframework.cloud.client.loadbalancer.reactive.LoadBalancerBeanPostProcessorAutoConfiguration$ReactorDeferringLoadBalancerFilterConfig' of type [org.springframework.cloud.client.loadbalancer.reactive.LoadBalancerBeanPostProcessorAutoConfiguration$ReactorDeferringLoadBalancerFilterConfig] is not eligible for getting processed by all BeanPostProcessors (for example: not eligible for auto-proxying)
2024-02-13T14:50:19.730+01:00  INFO 9312 --- [main] trationDelegate$BeanPostProcessorChecker : Bean 'reactorDeferringLoadBalancerExchangeFilterFunction' of type [org.springframework.cloud.client.loadbalancer.reactive.DeferringLoadBalancerExchangeFilterFunction] is not eligible for getting processed by all BeanPostProcessors (for example: not eligible for auto-proxying)
2024-02-13T14:50:19.969+01:00  INFO 9312 --- [main] com.zaxxer.hikari.HikariDataSource       : HikariPool-1 - Starting...
2024-02-13T14:50:20.224+01:00  INFO 9312 --- [main] com.zaxxer.hikari.pool.HikariPool        : HikariPool-1 - Added connection conn0: url=jdbc:h2:mem:useradb user=SA
2024-02-13T14:50:20.226+01:00  INFO 9312 --- [main] com.zaxxer.hikari.HikariDataSource       : HikariPool-1 - Start completed.
2024-02-13T14:50:20.609+01:00  INFO 9312 --- [main] o.s.o.j.p.SpringPersistenceUnitInfo      : No LoadTimeWeaver setup: ignoring JPA class transformer
2024-02-13T14:50:21.559+01:00  INFO 9312 --- [main] j.LocalContainerEntityManagerFactoryBean : Initialized JPA EntityManagerFactory for persistence unit 'default'
2024-02-13T14:50:21.841+01:00  INFO 9312 --- [main] o.s.d.j.r.query.QueryEnhancerFactory     : Hibernate is in classpath; If applicable, HQL parser will be used.
2024-02-13T14:50:23.685+01:00  INFO 9312 --- [main] o.s.cloud.commons.util.InetUtils         : Cannot determine local hostname
2024-02-13T14:50:24.026+01:00  INFO 9312 --- [main] o.s.c.g.r.RouteDefinitionRouteLocator    : Loaded RoutePredicateFactory [After]
2024-02-13T14:50:24.027+01:00  INFO 9312 --- [main] o.s.c.g.r.RouteDefinitionRouteLocator    : Loaded RoutePredicateFactory [Before]
2024-02-13T14:50:24.027+01:00  INFO 9312 --- [main] o.s.c.g.r.RouteDefinitionRouteLocator    : Loaded RoutePredicateFactory [Between]
2024-02-13T14:50:24.027+01:00  INFO 9312 --- [main] o.s.c.g.r.RouteDefinitionRouteLocator    : Loaded RoutePredicateFactory [Cookie]
2024-02-13T14:50:24.027+01:00  INFO 9312 --- [main] o.s.c.g.r.RouteDefinitionRouteLocator    : Loaded RoutePredicateFactory [Header]
2024-02-13T14:50:24.027+01:00  INFO 9312 --- [main] o.s.c.g.r.RouteDefinitionRouteLocator    : Loaded RoutePredicateFactory [Host]
2024-02-13T14:50:24.027+01:00  INFO 9312 --- [main] o.s.c.g.r.RouteDefinitionRouteLocator    : Loaded RoutePredicateFactory [Method]
2024-02-13T14:50:24.027+01:00  INFO 9312 --- [main] o.s.c.g.r.RouteDefinitionRouteLocator    : Loaded RoutePredicateFactory [Path]
2024-02-13T14:50:24.027+01:00  INFO 9312 --- [main] o.s.c.g.r.RouteDefinitionRouteLocator    : Loaded RoutePredicateFactory [Query]
2024-02-13T14:50:24.027+01:00  INFO 9312 --- [main] o.s.c.g.r.RouteDefinitionRouteLocator    : Loaded RoutePredicateFactory [ReadBody]
2024-02-13T14:50:24.027+01:00  INFO 9312 --- [main] o.s.c.g.r.RouteDefinitionRouteLocator    : Loaded RoutePredicateFactory [RemoteAddr]
2024-02-13T14:50:24.028+01:00  INFO 9312 --- [main] o.s.c.g.r.RouteDefinitionRouteLocator    : Loaded RoutePredicateFactory [XForwardedRemoteAddr]
2024-02-13T14:50:24.028+01:00  INFO 9312 --- [main] o.s.c.g.r.RouteDefinitionRouteLocator    : Loaded RoutePredicateFactory [Weight]
2024-02-13T14:50:24.028+01:00  INFO 9312 --- [main] o.s.c.g.r.RouteDefinitionRouteLocator    : Loaded RoutePredicateFactory [CloudFoundryRouteService]
2024-02-13T14:50:24.402+01:00  INFO 9312 --- [main] DiscoveryClientOptionalArgsConfiguration : Eureka HTTP Client uses RestTemplate.
2024-02-13T14:50:24.435+01:00  WARN 9312 --- [main] iguration$LoadBalancerCaffeineWarnLogger : Spring Cloud LoadBalancer is currently working with the default cache. While this cache implementation is useful for development and tests, it's recommended to use Caffeine cache in production.You can switch to using Caffeine cache, by adding it and org.springframework.cache.caffeine.CaffeineCacheManager to the classpath.
2024-02-13T14:50:24.719+01:00  INFO 9312 --- [main] o.s.b.web.embedded.netty.NettyWebServer  : Netty started on port 8085
2024-02-13T14:50:25.969+01:00  INFO 9312 --- [main] o.s.cloud.commons.util.InetUtils         : Cannot determine local hostname
2024-02-13T14:50:25.999+01:00  INFO 9312 --- [main] i.c.m.c.CwsUserServicesApplication       : Started CwsUserServicesApplication in 9.812 seconds (process running for 11.229)
2024-02-13T14:54:10.013+01:00  INFO 9312 --- [SpringApplicationShutdownHook] j.LocalContainerEntityManagerFactoryBean : Closing JPA EntityManagerFactory for persistence unit 'default'
2024-02-13T14:54:10.022+01:00  INFO 9312 --- [SpringApplicationShutdownHook] com.zaxxer.hikari.HikariDataSource       : HikariPool-1 - Shutdown initiated...
2024-02-13T14:54:10.032+01:00  INFO 9312 --- [SpringApplicationShutdownHook] com.zaxxer.hikari.HikariDataSource       : HikariPool-1 - Shutdown completed.
2024-02-13T14:55:01.940+01:00  INFO 10808 --- [main] i.c.m.c.CwsUserServicesApplication       : Starting CwsUserServicesApplication using Java 17.0.7 with PID 10808 (C:\CWSAPPS\webservices\meta-webservices\cws-user-service\target\classes started by alpha.barry in C:\CWSAPPS\webservices\meta-webservices)
2024-02-13T14:55:01.948+01:00  INFO 10808 --- [main] i.c.m.c.CwsUserServicesApplication       : No active profile set, falling back to 1 default profile: "default"
2024-02-13T14:55:03.802+01:00  INFO 10808 --- [main] .s.d.r.c.RepositoryConfigurationDelegate : Bootstrapping Spring Data JPA repositories in DEFAULT mode.
2024-02-13T14:55:04.158+01:00  INFO 10808 --- [main] .s.d.r.c.RepositoryConfigurationDelegate : Finished Spring Data repository scanning in 338 ms. Found 1 JPA repository interfaces.
2024-02-13T14:55:04.592+01:00  INFO 10808 --- [main] o.s.cloud.context.scope.GenericScope     : BeanFactory id=def78912-ef0e-3d29-911c-73483e482781
2024-02-13T14:55:04.904+01:00  INFO 10808 --- [main] trationDelegate$BeanPostProcessorChecker : Bean 'org.springframework.cloud.client.loadbalancer.reactive.LoadBalancerBeanPostProcessorAutoConfiguration' of type [org.springframework.cloud.client.loadbalancer.reactive.LoadBalancerBeanPostProcessorAutoConfiguration] is not eligible for getting processed by all BeanPostProcessors (for example: not eligible for auto-proxying)
2024-02-13T14:55:04.905+01:00  INFO 10808 --- [main] trationDelegate$BeanPostProcessorChecker : Bean 'org.springframework.cloud.client.loadbalancer.reactive.LoadBalancerBeanPostProcessorAutoConfiguration$ReactorDeferringLoadBalancerFilterConfig' of type [org.springframework.cloud.client.loadbalancer.reactive.LoadBalancerBeanPostProcessorAutoConfiguration$ReactorDeferringLoadBalancerFilterConfig] is not eligible for getting processed by all BeanPostProcessors (for example: not eligible for auto-proxying)
2024-02-13T14:55:04.907+01:00  INFO 10808 --- [main] trationDelegate$BeanPostProcessorChecker : Bean 'reactorDeferringLoadBalancerExchangeFilterFunction' of type [org.springframework.cloud.client.loadbalancer.reactive.DeferringLoadBalancerExchangeFilterFunction] is not eligible for getting processed by all BeanPostProcessors (for example: not eligible for auto-proxying)
2024-02-13T14:55:05.504+01:00  INFO 10808 --- [main] com.zaxxer.hikari.HikariDataSource       : HikariPool-1 - Starting...
2024-02-13T14:55:05.937+01:00  INFO 10808 --- [main] com.zaxxer.hikari.pool.HikariPool        : HikariPool-1 - Added connection conn0: url=jdbc:h2:mem:useradb user=SA
2024-02-13T14:55:05.945+01:00  INFO 10808 --- [main] com.zaxxer.hikari.HikariDataSource       : HikariPool-1 - Start completed.
2024-02-13T14:55:06.943+01:00  INFO 10808 --- [main] o.s.o.j.p.SpringPersistenceUnitInfo      : No LoadTimeWeaver setup: ignoring JPA class transformer
2024-02-13T14:55:08.678+01:00  INFO 10808 --- [main] j.LocalContainerEntityManagerFactoryBean : Initialized JPA EntityManagerFactory for persistence unit 'default'
2024-02-13T14:55:09.248+01:00  INFO 10808 --- [main] o.s.d.j.r.query.QueryEnhancerFactory     : Hibernate is in classpath; If applicable, HQL parser will be used.
2024-02-13T14:55:12.041+01:00  INFO 10808 --- [main] o.s.cloud.commons.util.InetUtils         : Cannot determine local hostname
2024-02-13T14:55:12.736+01:00  INFO 10808 --- [main] o.s.c.g.r.RouteDefinitionRouteLocator    : Loaded RoutePredicateFactory [After]
2024-02-13T14:55:12.737+01:00  INFO 10808 --- [main] o.s.c.g.r.RouteDefinitionRouteLocator    : Loaded RoutePredicateFactory [Before]
2024-02-13T14:55:12.737+01:00  INFO 10808 --- [main] o.s.c.g.r.RouteDefinitionRouteLocator    : Loaded RoutePredicateFactory [Between]
2024-02-13T14:55:12.738+01:00  INFO 10808 --- [main] o.s.c.g.r.RouteDefinitionRouteLocator    : Loaded RoutePredicateFactory [Cookie]
2024-02-13T14:55:12.738+01:00  INFO 10808 --- [main] o.s.c.g.r.RouteDefinitionRouteLocator    : Loaded RoutePredicateFactory [Header]
2024-02-13T14:55:12.738+01:00  INFO 10808 --- [main] o.s.c.g.r.RouteDefinitionRouteLocator    : Loaded RoutePredicateFactory [Host]
2024-02-13T14:55:12.738+01:00  INFO 10808 --- [main] o.s.c.g.r.RouteDefinitionRouteLocator    : Loaded RoutePredicateFactory [Method]
2024-02-13T14:55:12.738+01:00  INFO 10808 --- [main] o.s.c.g.r.RouteDefinitionRouteLocator    : Loaded RoutePredicateFactory [Path]
2024-02-13T14:55:12.739+01:00  INFO 10808 --- [main] o.s.c.g.r.RouteDefinitionRouteLocator    : Loaded RoutePredicateFactory [Query]
2024-02-13T14:55:12.739+01:00  INFO 10808 --- [main] o.s.c.g.r.RouteDefinitionRouteLocator    : Loaded RoutePredicateFactory [ReadBody]
2024-02-13T14:55:12.739+01:00  INFO 10808 --- [main] o.s.c.g.r.RouteDefinitionRouteLocator    : Loaded RoutePredicateFactory [RemoteAddr]
2024-02-13T14:55:12.739+01:00  INFO 10808 --- [main] o.s.c.g.r.RouteDefinitionRouteLocator    : Loaded RoutePredicateFactory [XForwardedRemoteAddr]
2024-02-13T14:55:12.740+01:00  INFO 10808 --- [main] o.s.c.g.r.RouteDefinitionRouteLocator    : Loaded RoutePredicateFactory [Weight]
2024-02-13T14:55:12.740+01:00  INFO 10808 --- [main] o.s.c.g.r.RouteDefinitionRouteLocator    : Loaded RoutePredicateFactory [CloudFoundryRouteService]
2024-02-13T14:55:13.724+01:00  INFO 10808 --- [main] DiscoveryClientOptionalArgsConfiguration : Eureka HTTP Client uses RestTemplate.
2024-02-13T14:55:13.916+01:00  WARN 10808 --- [main] iguration$LoadBalancerCaffeineWarnLogger : Spring Cloud LoadBalancer is currently working with the default cache. While this cache implementation is useful for development and tests, it's recommended to use Caffeine cache in production.You can switch to using Caffeine cache, by adding it and org.springframework.cache.caffeine.CaffeineCacheManager to the classpath.
2024-02-13T14:55:14.690+01:00  INFO 10808 --- [main] o.s.b.web.embedded.netty.NettyWebServer  : Netty started on port 8085
2024-02-13T14:55:16.727+01:00  INFO 10808 --- [main] o.s.cloud.commons.util.InetUtils         : Cannot determine local hostname
2024-02-13T14:55:16.802+01:00  INFO 10808 --- [main] i.c.m.c.CwsUserServicesApplication       : Started CwsUserServicesApplication in 17.522 seconds (process running for 20.358)
2024-02-13T14:57:24.135+01:00  INFO 10808 --- [SpringApplicationShutdownHook] j.LocalContainerEntityManagerFactoryBean : Closing JPA EntityManagerFactory for persistence unit 'default'
2024-02-13T14:57:24.143+01:00  INFO 10808 --- [SpringApplicationShutdownHook] com.zaxxer.hikari.HikariDataSource       : HikariPool-1 - Shutdown initiated...
2024-02-13T14:57:24.146+01:00  INFO 10808 --- [SpringApplicationShutdownHook] com.zaxxer.hikari.HikariDataSource       : HikariPool-1 - Shutdown completed.
2024-02-13T14:57:41.022+01:00  INFO 24832 --- [main] i.c.m.c.CwsUserServicesApplication       : Starting CwsUserServicesApplication using Java 17.0.7 with PID 24832 (C:\CWSAPPS\webservices\meta-webservices\cws-user-service\target\classes started by alpha.barry in C:\CWSAPPS\webservices\meta-webservices)
2024-02-13T14:57:41.035+01:00  INFO 24832 --- [main] i.c.m.c.CwsUserServicesApplication       : No active profile set, falling back to 1 default profile: "default"
2024-02-13T14:57:43.472+01:00  INFO 24832 --- [main] .s.d.r.c.RepositoryConfigurationDelegate : Bootstrapping Spring Data JPA repositories in DEFAULT mode.
2024-02-13T14:57:43.803+01:00  INFO 24832 --- [main] .s.d.r.c.RepositoryConfigurationDelegate : Finished Spring Data repository scanning in 319 ms. Found 1 JPA repository interfaces.
2024-02-13T14:57:44.108+01:00  INFO 24832 --- [main] o.s.cloud.context.scope.GenericScope     : BeanFactory id=def78912-ef0e-3d29-911c-73483e482781
2024-02-13T14:57:44.319+01:00  INFO 24832 --- [main] trationDelegate$BeanPostProcessorChecker : Bean 'org.springframework.cloud.client.loadbalancer.reactive.LoadBalancerBeanPostProcessorAutoConfiguration' of type [org.springframework.cloud.client.loadbalancer.reactive.LoadBalancerBeanPostProcessorAutoConfiguration] is not eligible for getting processed by all BeanPostProcessors (for example: not eligible for auto-proxying)
2024-02-13T14:57:44.321+01:00  INFO 24832 --- [main] trationDelegate$BeanPostProcessorChecker : Bean 'org.springframework.cloud.client.loadbalancer.reactive.LoadBalancerBeanPostProcessorAutoConfiguration$ReactorDeferringLoadBalancerFilterConfig' of type [org.springframework.cloud.client.loadbalancer.reactive.LoadBalancerBeanPostProcessorAutoConfiguration$ReactorDeferringLoadBalancerFilterConfig] is not eligible for getting processed by all BeanPostProcessors (for example: not eligible for auto-proxying)
2024-02-13T14:57:44.325+01:00  INFO 24832 --- [main] trationDelegate$BeanPostProcessorChecker : Bean 'reactorDeferringLoadBalancerExchangeFilterFunction' of type [org.springframework.cloud.client.loadbalancer.reactive.DeferringLoadBalancerExchangeFilterFunction] is not eligible for getting processed by all BeanPostProcessors (for example: not eligible for auto-proxying)
2024-02-13T14:57:44.729+01:00  INFO 24832 --- [main] com.zaxxer.hikari.HikariDataSource       : HikariPool-1 - Starting...
2024-02-13T14:57:45.079+01:00  INFO 24832 --- [main] com.zaxxer.hikari.pool.HikariPool        : HikariPool-1 - Added connection conn0: url=jdbc:h2:mem:useradb user=SA
2024-02-13T14:57:45.082+01:00  INFO 24832 --- [main] com.zaxxer.hikari.HikariDataSource       : HikariPool-1 - Start completed.
2024-02-13T14:57:45.706+01:00  INFO 24832 --- [main] o.s.o.j.p.SpringPersistenceUnitInfo      : No LoadTimeWeaver setup: ignoring JPA class transformer
2024-02-13T14:57:47.264+01:00  INFO 24832 --- [main] j.LocalContainerEntityManagerFactoryBean : Initialized JPA EntityManagerFactory for persistence unit 'default'
2024-02-13T14:57:47.677+01:00  INFO 24832 --- [main] o.s.d.j.r.query.QueryEnhancerFactory     : Hibernate is in classpath; If applicable, HQL parser will be used.
2024-02-13T14:57:49.933+01:00  INFO 24832 --- [main] o.s.cloud.commons.util.InetUtils         : Cannot determine local hostname
2024-02-13T14:57:50.597+01:00  INFO 24832 --- [main] o.s.c.g.r.RouteDefinitionRouteLocator    : Loaded RoutePredicateFactory [After]
2024-02-13T14:57:50.598+01:00  INFO 24832 --- [main] o.s.c.g.r.RouteDefinitionRouteLocator    : Loaded RoutePredicateFactory [Before]
2024-02-13T14:57:50.598+01:00  INFO 24832 --- [main] o.s.c.g.r.RouteDefinitionRouteLocator    : Loaded RoutePredicateFactory [Between]
2024-02-13T14:57:50.598+01:00  INFO 24832 --- [main] o.s.c.g.r.RouteDefinitionRouteLocator    : Loaded RoutePredicateFactory [Cookie]
2024-02-13T14:57:50.598+01:00  INFO 24832 --- [main] o.s.c.g.r.RouteDefinitionRouteLocator    : Loaded RoutePredicateFactory [Header]
2024-02-13T14:57:50.598+01:00  INFO 24832 --- [main] o.s.c.g.r.RouteDefinitionRouteLocator    : Loaded RoutePredicateFactory [Host]
2024-02-13T14:57:50.598+01:00  INFO 24832 --- [main] o.s.c.g.r.RouteDefinitionRouteLocator    : Loaded RoutePredicateFactory [Method]
2024-02-13T14:57:50.598+01:00  INFO 24832 --- [main] o.s.c.g.r.RouteDefinitionRouteLocator    : Loaded RoutePredicateFactory [Path]
2024-02-13T14:57:50.598+01:00  INFO 24832 --- [main] o.s.c.g.r.RouteDefinitionRouteLocator    : Loaded RoutePredicateFactory [Query]
2024-02-13T14:57:50.598+01:00  INFO 24832 --- [main] o.s.c.g.r.RouteDefinitionRouteLocator    : Loaded RoutePredicateFactory [ReadBody]
2024-02-13T14:57:50.598+01:00  INFO 24832 --- [main] o.s.c.g.r.RouteDefinitionRouteLocator    : Loaded RoutePredicateFactory [RemoteAddr]
2024-02-13T14:57:50.599+01:00  INFO 24832 --- [main] o.s.c.g.r.RouteDefinitionRouteLocator    : Loaded RoutePredicateFactory [XForwardedRemoteAddr]
2024-02-13T14:57:50.599+01:00  INFO 24832 --- [main] o.s.c.g.r.RouteDefinitionRouteLocator    : Loaded RoutePredicateFactory [Weight]
2024-02-13T14:57:50.599+01:00  INFO 24832 --- [main] o.s.c.g.r.RouteDefinitionRouteLocator    : Loaded RoutePredicateFactory [CloudFoundryRouteService]
2024-02-13T14:57:51.507+01:00  INFO 24832 --- [main] DiscoveryClientOptionalArgsConfiguration : Eureka HTTP Client uses RestTemplate.
2024-02-13T14:57:51.628+01:00  WARN 24832 --- [main] iguration$LoadBalancerCaffeineWarnLogger : Spring Cloud LoadBalancer is currently working with the default cache. While this cache implementation is useful for development and tests, it's recommended to use Caffeine cache in production.You can switch to using Caffeine cache, by adding it and org.springframework.cache.caffeine.CaffeineCacheManager to the classpath.
2024-02-13T14:57:52.194+01:00  INFO 24832 --- [main] o.s.b.web.embedded.netty.NettyWebServer  : Netty started on port 8085
2024-02-13T14:57:53.567+01:00  INFO 24832 --- [main] o.s.cloud.commons.util.InetUtils         : Cannot determine local hostname
2024-02-13T14:57:53.663+01:00  INFO 24832 --- [main] i.c.m.c.CwsUserServicesApplication       : Started CwsUserServicesApplication in 15.704 seconds (process running for 18.291)
2024-02-13T14:58:19.959+01:00  INFO 24832 --- [reactor-http-nio-2] i.c.m.c.web.UserRestController           : An INFO Message
2024-02-13T14:58:19.959+01:00  WARN 24832 --- [reactor-http-nio-2] i.c.m.c.web.UserRestController           : A WARN Message
2024-02-13T14:58:19.959+01:00 ERROR 24832 --- [reactor-http-nio-2] i.c.m.c.web.UserRestController           : An ERROR Message
2024-02-13T15:04:22.350+01:00  INFO 24832 --- [SpringApplicationShutdownHook] j.LocalContainerEntityManagerFactoryBean : Closing JPA EntityManagerFactory for persistence unit 'default'
2024-02-13T15:04:22.354+01:00  INFO 24832 --- [SpringApplicationShutdownHook] com.zaxxer.hikari.HikariDataSource       : HikariPool-1 - Shutdown initiated...
2024-02-13T15:04:22.356+01:00  INFO 24832 --- [SpringApplicationShutdownHook] com.zaxxer.hikari.HikariDataSource       : HikariPool-1 - Shutdown completed.
13-02-2024 [main] ERROR o.s.b.d.LoggingFailureAnalysisReporter - 

***************************
APPLICATION FAILED TO START
***************************

Description:

Failed to bind properties under 'logging.level.it.cws.meta.cwsuserservices.services' to org.springframework.boot.logging.LogLevel:

    Property: logging.level.it.cws.meta.cwsuserservices.services
    Value: "ERROR,INFO,DEBUG"
    Origin: class path resource [application.yml] - 18:43
    Reason: failed to convert java.lang.String to org.springframework.boot.logging.LogLevel (caused by java.lang.IllegalArgumentException: No enum constant org.springframework.boot.logging.LogLevel.ERROR,INFO,DEBUG)

Action:

Update your application's configuration. The following values are valid:

    DEBUG
    ERROR
    FATAL
    INFO
    OFF
    TRACE
    WARN

13-02-2024 [main] ERROR o.s.b.d.LoggingFailureAnalysisReporter - 

***************************
APPLICATION FAILED TO START
***************************

Description:

Failed to bind properties under 'logging.level.it.cws.meta.cwsuserservices.services' to org.springframework.boot.logging.LogLevel:

    Property: logging.level.it.cws.meta.cwsuserservices.services
    Value: "ERROR,INFO,DEBUG"
    Origin: class path resource [application.yml] - 18:43
    Reason: failed to convert java.lang.String to org.springframework.boot.logging.LogLevel (caused by java.lang.IllegalArgumentException: No enum constant org.springframework.boot.logging.LogLevel.ERROR,INFO,DEBUG)

Action:

Update your application's configuration. The following values are valid:

    DEBUG
    ERROR
    FATAL
    INFO
    OFF
    TRACE
    WARN

13-02-2024 [main] INFO  i.c.m.c.CwsUserServicesApplication - Starting CwsUserServicesApplication using Java 17.0.7 with PID 20964 (C:\CWSAPPS\webservices\meta-webservices\cws-user-service\target\classes started by alpha.barry in C:\CWSAPPS\webservices\meta-webservices)
13-02-2024 [main] INFO  i.c.m.c.CwsUserServicesApplication - No active profile set, falling back to 1 default profile: "default"
13-02-2024 [main] INFO  o.s.d.r.c.RepositoryConfigurationDelegate - Bootstrapping Spring Data JPA repositories in DEFAULT mode.
13-02-2024 [main] INFO  o.s.d.r.c.RepositoryConfigurationDelegate - Finished Spring Data repository scanning in 149 ms. Found 1 JPA repository interfaces.
13-02-2024 [main] INFO  o.s.cloud.context.scope.GenericScope - BeanFactory id=def78912-ef0e-3d29-911c-73483e482781
13-02-2024 [main] INFO  o.s.c.s.PostProcessorRegistrationDelegate$BeanPostProcessorChecker - Bean 'org.springframework.cloud.client.loadbalancer.reactive.LoadBalancerBeanPostProcessorAutoConfiguration' of type [org.springframework.cloud.client.loadbalancer.reactive.LoadBalancerBeanPostProcessorAutoConfiguration] is not eligible for getting processed by all BeanPostProcessors (for example: not eligible for auto-proxying)
13-02-2024 [main] INFO  o.s.c.s.PostProcessorRegistrationDelegate$BeanPostProcessorChecker - Bean 'org.springframework.cloud.client.loadbalancer.reactive.LoadBalancerBeanPostProcessorAutoConfiguration$ReactorDeferringLoadBalancerFilterConfig' of type [org.springframework.cloud.client.loadbalancer.reactive.LoadBalancerBeanPostProcessorAutoConfiguration$ReactorDeferringLoadBalancerFilterConfig] is not eligible for getting processed by all BeanPostProcessors (for example: not eligible for auto-proxying)
13-02-2024 [main] INFO  o.s.c.s.PostProcessorRegistrationDelegate$BeanPostProcessorChecker - Bean 'reactorDeferringLoadBalancerExchangeFilterFunction' of type [org.springframework.cloud.client.loadbalancer.reactive.DeferringLoadBalancerExchangeFilterFunction] is not eligible for getting processed by all BeanPostProcessors (for example: not eligible for auto-proxying)
13-02-2024 [main] INFO  com.zaxxer.hikari.HikariDataSource - HikariPool-1 - Starting...
13-02-2024 [main] INFO  com.zaxxer.hikari.pool.HikariPool - HikariPool-1 - Added connection conn0: url=jdbc:h2:mem:useradb user=SA
13-02-2024 [main] INFO  com.zaxxer.hikari.HikariDataSource - HikariPool-1 - Start completed.
13-02-2024 [main] INFO  o.s.o.j.p.SpringPersistenceUnitInfo - No LoadTimeWeaver setup: ignoring JPA class transformer
13-02-2024 [main] INFO  o.s.o.j.LocalContainerEntityManagerFactoryBean - Initialized JPA EntityManagerFactory for persistence unit 'default'
13-02-2024 [main] INFO  o.s.d.j.r.query.QueryEnhancerFactory - Hibernate is in classpath; If applicable, HQL parser will be used.
13-02-2024 [main] INFO  o.s.cloud.commons.util.InetUtils - Cannot determine local hostname
13-02-2024 [main] INFO  o.s.c.g.r.RouteDefinitionRouteLocator - Loaded RoutePredicateFactory [After]
13-02-2024 [main] INFO  o.s.c.g.r.RouteDefinitionRouteLocator - Loaded RoutePredicateFactory [Before]
13-02-2024 [main] INFO  o.s.c.g.r.RouteDefinitionRouteLocator - Loaded RoutePredicateFactory [Between]
13-02-2024 [main] INFO  o.s.c.g.r.RouteDefinitionRouteLocator - Loaded RoutePredicateFactory [Cookie]
13-02-2024 [main] INFO  o.s.c.g.r.RouteDefinitionRouteLocator - Loaded RoutePredicateFactory [Header]
13-02-2024 [main] INFO  o.s.c.g.r.RouteDefinitionRouteLocator - Loaded RoutePredicateFactory [Host]
13-02-2024 [main] INFO  o.s.c.g.r.RouteDefinitionRouteLocator - Loaded RoutePredicateFactory [Method]
13-02-2024 [main] INFO  o.s.c.g.r.RouteDefinitionRouteLocator - Loaded RoutePredicateFactory [Path]
13-02-2024 [main] INFO  o.s.c.g.r.RouteDefinitionRouteLocator - Loaded RoutePredicateFactory [Query]
13-02-2024 [main] INFO  o.s.c.g.r.RouteDefinitionRouteLocator - Loaded RoutePredicateFactory [ReadBody]
13-02-2024 [main] INFO  o.s.c.g.r.RouteDefinitionRouteLocator - Loaded RoutePredicateFactory [RemoteAddr]
13-02-2024 [main] INFO  o.s.c.g.r.RouteDefinitionRouteLocator - Loaded RoutePredicateFactory [XForwardedRemoteAddr]
13-02-2024 [main] INFO  o.s.c.g.r.RouteDefinitionRouteLocator - Loaded RoutePredicateFactory [Weight]
13-02-2024 [main] INFO  o.s.c.g.r.RouteDefinitionRouteLocator - Loaded RoutePredicateFactory [CloudFoundryRouteService]
13-02-2024 [main] INFO  o.s.c.n.e.c.DiscoveryClientOptionalArgsConfiguration - Eureka HTTP Client uses RestTemplate.
13-02-2024 [main] WARN  o.s.c.l.c.LoadBalancerCacheAutoConfiguration$LoadBalancerCaffeineWarnLogger - Spring Cloud LoadBalancer is currently working with the default cache. While this cache implementation is useful for development and tests, it's recommended to use Caffeine cache in production.You can switch to using Caffeine cache, by adding it and org.springframework.cache.caffeine.CaffeineCacheManager to the classpath.
13-02-2024 [main] INFO  o.s.b.w.e.netty.NettyWebServer - Netty started on port 8085
13-02-2024 [main] INFO  o.s.cloud.commons.util.InetUtils - Cannot determine local hostname
13-02-2024 [main] INFO  i.c.m.c.CwsUserServicesApplication - Started CwsUserServicesApplication in 10.03 seconds (process running for 11.315)
13-02-2024 [SpringApplicationShutdownHook] INFO  o.s.o.j.LocalContainerEntityManagerFactoryBean - Closing JPA EntityManagerFactory for persistence unit 'default'
13-02-2024 [SpringApplicationShutdownHook] INFO  com.zaxxer.hikari.HikariDataSource - HikariPool-1 - Shutdown initiated...
13-02-2024 [SpringApplicationShutdownHook] INFO  com.zaxxer.hikari.HikariDataSource - HikariPool-1 - Shutdown completed.
13-02-2024 [main] INFO  i.c.m.c.CwsUserServicesApplication - Starting CwsUserServicesApplication using Java 17.0.7 with PID 9984 (C:\CWSAPPS\webservices\meta-webservices\cws-user-service\target\classes started by alpha.barry in C:\CWSAPPS\webservices\meta-webservices)
13-02-2024 [main] INFO  i.c.m.c.CwsUserServicesApplication - No active profile set, falling back to 1 default profile: "default"
13-02-2024 [main] INFO  o.s.d.r.c.RepositoryConfigurationDelegate - Bootstrapping Spring Data JPA repositories in DEFAULT mode.
13-02-2024 [main] INFO  o.s.d.r.c.RepositoryConfigurationDelegate - Finished Spring Data repository scanning in 186 ms. Found 1 JPA repository interfaces.
13-02-2024 [main] INFO  o.s.cloud.context.scope.GenericScope - BeanFactory id=def78912-ef0e-3d29-911c-73483e482781
13-02-2024 [main] INFO  o.s.c.s.PostProcessorRegistrationDelegate$BeanPostProcessorChecker - Bean 'org.springframework.cloud.client.loadbalancer.reactive.LoadBalancerBeanPostProcessorAutoConfiguration' of type [org.springframework.cloud.client.loadbalancer.reactive.LoadBalancerBeanPostProcessorAutoConfiguration] is not eligible for getting processed by all BeanPostProcessors (for example: not eligible for auto-proxying)
13-02-2024 [main] INFO  o.s.c.s.PostProcessorRegistrationDelegate$BeanPostProcessorChecker - Bean 'org.springframework.cloud.client.loadbalancer.reactive.LoadBalancerBeanPostProcessorAutoConfiguration$ReactorDeferringLoadBalancerFilterConfig' of type [org.springframework.cloud.client.loadbalancer.reactive.LoadBalancerBeanPostProcessorAutoConfiguration$ReactorDeferringLoadBalancerFilterConfig] is not eligible for getting processed by all BeanPostProcessors (for example: not eligible for auto-proxying)
13-02-2024 [main] INFO  o.s.c.s.PostProcessorRegistrationDelegate$BeanPostProcessorChecker - Bean 'reactorDeferringLoadBalancerExchangeFilterFunction' of type [org.springframework.cloud.client.loadbalancer.reactive.DeferringLoadBalancerExchangeFilterFunction] is not eligible for getting processed by all BeanPostProcessors (for example: not eligible for auto-proxying)
13-02-2024 [main] INFO  com.zaxxer.hikari.HikariDataSource - HikariPool-1 - Starting...
13-02-2024 [main] INFO  com.zaxxer.hikari.pool.HikariPool - HikariPool-1 - Added connection conn0: url=jdbc:h2:mem:useradb user=SA
13-02-2024 [main] INFO  com.zaxxer.hikari.HikariDataSource - HikariPool-1 - Start completed.
13-02-2024 [main] INFO  o.s.o.j.p.SpringPersistenceUnitInfo - No LoadTimeWeaver setup: ignoring JPA class transformer
13-02-2024 [main] INFO  o.s.o.j.LocalContainerEntityManagerFactoryBean - Initialized JPA EntityManagerFactory for persistence unit 'default'
13-02-2024 [main] INFO  o.s.d.j.r.query.QueryEnhancerFactory - Hibernate is in classpath; If applicable, HQL parser will be used.
13-02-2024 [main] INFO  o.s.cloud.commons.util.InetUtils - Cannot determine local hostname
13-02-2024 [main] INFO  o.s.c.g.r.RouteDefinitionRouteLocator - Loaded RoutePredicateFactory [After]
13-02-2024 [main] INFO  o.s.c.g.r.RouteDefinitionRouteLocator - Loaded RoutePredicateFactory [Before]
13-02-2024 [main] INFO  o.s.c.g.r.RouteDefinitionRouteLocator - Loaded RoutePredicateFactory [Between]
13-02-2024 [main] INFO  o.s.c.g.r.RouteDefinitionRouteLocator - Loaded RoutePredicateFactory [Cookie]
13-02-2024 [main] INFO  o.s.c.g.r.RouteDefinitionRouteLocator - Loaded RoutePredicateFactory [Header]
13-02-2024 [main] INFO  o.s.c.g.r.RouteDefinitionRouteLocator - Loaded RoutePredicateFactory [Host]
13-02-2024 [main] INFO  o.s.c.g.r.RouteDefinitionRouteLocator - Loaded RoutePredicateFactory [Method]
13-02-2024 [main] INFO  o.s.c.g.r.RouteDefinitionRouteLocator - Loaded RoutePredicateFactory [Path]
13-02-2024 [main] INFO  o.s.c.g.r.RouteDefinitionRouteLocator - Loaded RoutePredicateFactory [Query]
13-02-2024 [main] INFO  o.s.c.g.r.RouteDefinitionRouteLocator - Loaded RoutePredicateFactory [ReadBody]
13-02-2024 [main] INFO  o.s.c.g.r.RouteDefinitionRouteLocator - Loaded RoutePredicateFactory [RemoteAddr]
13-02-2024 [main] INFO  o.s.c.g.r.RouteDefinitionRouteLocator - Loaded RoutePredicateFactory [XForwardedRemoteAddr]
13-02-2024 [main] INFO  o.s.c.g.r.RouteDefinitionRouteLocator - Loaded RoutePredicateFactory [Weight]
13-02-2024 [main] INFO  o.s.c.g.r.RouteDefinitionRouteLocator - Loaded RoutePredicateFactory [CloudFoundryRouteService]
13-02-2024 [main] INFO  o.s.c.n.e.c.DiscoveryClientOptionalArgsConfiguration - Eureka HTTP Client uses RestTemplate.
13-02-2024 [main] WARN  o.s.c.l.c.LoadBalancerCacheAutoConfiguration$LoadBalancerCaffeineWarnLogger - Spring Cloud LoadBalancer is currently working with the default cache. While this cache implementation is useful for development and tests, it's recommended to use Caffeine cache in production.You can switch to using Caffeine cache, by adding it and org.springframework.cache.caffeine.CaffeineCacheManager to the classpath.
13-02-2024 [main] INFO  o.s.b.w.e.netty.NettyWebServer - Netty started on port 8085
13-02-2024 [main] INFO  o.s.cloud.commons.util.InetUtils - Cannot determine local hostname
13-02-2024 [main] INFO  i.c.m.c.CwsUserServicesApplication - Started CwsUserServicesApplication in 10.666 seconds (process running for 12.044)
13-02-2024 [SpringApplicationShutdownHook] INFO  o.s.o.j.LocalContainerEntityManagerFactoryBean - Closing JPA EntityManagerFactory for persistence unit 'default'
13-02-2024 [SpringApplicationShutdownHook] INFO  com.zaxxer.hikari.HikariDataSource - HikariPool-1 - Shutdown initiated...
13-02-2024 [SpringApplicationShutdownHook] INFO  com.zaxxer.hikari.HikariDataSource - HikariPool-1 - Shutdown completed.
